<?xml version="1.0" encoding="UTF-8"?>
<!-- Generated by org.testng.reporters.JUnitXMLReporter -->
<testsuite ignored="0" hostname="Art-Samir" failures="0" tests="5" name="Default test" time="124.094" errors="0" timestamp="2024-06-30T16:49:17 IST">
  <testcase classname="switchcare.SwitchCareTest" name="loginPage" time="22.399"/>
  <testcase classname="switchcare.SwitchCareTest" name="selectfood" time="2.059"/>
  <testcase classname="switchcare.SwitchCareTest" name="breakfast" time="26.1"/>
  <testcase classname="switchcare.SwitchCareTest" name="Lunch" time="30.205"/>
  <testcase classname="switchcare.SwitchCareTest" name="dinner" time="32.002"/>
</testsuite> <!-- Default test -->
